[INFO] [2019-09-20 15:07:00][org.springframework.beans.factory.xml.XmlBeanDefinitionReader]Loading XML bean definitions from URL [file:/F:/%e8%af%be%e7%a8%8b%e8%b5%84%e6%96%99/_%e8%8b%8f/13%20SSH%e3%80%81SSM%e4%b8%8e%e5%90%84%e7%a7%8d%e6%a1%86%e6%9e%b6%e9%9b%86%e6%88%90/NCOnlineExaminationBy208/3-1BasedSSMWebsExaminationByEclipse/target/classes/spring-mybatis.xml]
[INFO] [2019-09-20 15:07:01][org.springframework.context.support.GenericApplicationContext]Refreshing org.springframework.context.support.GenericApplicationContext@59e84876: startup date [Fri Sep 20 15:07:01 CST 2019]; root of context hierarchy
[INFO] [2019-09-20 15:07:01][org.springframework.beans.factory.config.PropertyPlaceholderConfigurer]Loading properties file from class path resource [jdbc.properties]
[INFO] [2019-09-20 15:07:03][org.springframework.beans.factory.xml.XmlBeanDefinitionReader]Loading XML bean definitions from class path resource [org/springframework/jdbc/support/sql-error-codes.xml]
[INFO] [2019-09-20 15:07:03][org.springframework.jdbc.support.SQLErrorCodesFactory]SQLErrorCodes loaded: [DB2, Derby, H2, HSQL, Informix, MS-SQL, MySQL, Oracle, PostgreSQL, Sybase]
[INFO] [2019-09-20 15:07:03][org.springframework.context.support.GenericApplicationContext]Closing org.springframework.context.support.GenericApplicationContext@59e84876: startup date [Fri Sep 20 15:07:01 CST 2019]; root of context hierarchy
[INFO] [2019-09-20 15:09:23][org.springframework.beans.factory.xml.XmlBeanDefinitionReader]Loading XML bean definitions from URL [file:/F:/%e8%af%be%e7%a8%8b%e8%b5%84%e6%96%99/_%e8%8b%8f/13%20SSH%e3%80%81SSM%e4%b8%8e%e5%90%84%e7%a7%8d%e6%a1%86%e6%9e%b6%e9%9b%86%e6%88%90/NCOnlineExaminationBy208/3-1BasedSSMWebsExaminationByEclipse/target/classes/spring-mybatis.xml]
[INFO] [2019-09-20 15:09:24][org.springframework.context.support.GenericApplicationContext]Refreshing org.springframework.context.support.GenericApplicationContext@5cc7c2a6: startup date [Fri Sep 20 15:09:24 CST 2019]; root of context hierarchy
[INFO] [2019-09-20 15:09:24][org.springframework.beans.factory.config.PropertyPlaceholderConfigurer]Loading properties file from class path resource [jdbc.properties]
[INFO] [2019-09-20 15:09:26][org.springframework.beans.factory.xml.XmlBeanDefinitionReader]Loading XML bean definitions from class path resource [org/springframework/jdbc/support/sql-error-codes.xml]
[INFO] [2019-09-20 15:09:26][org.springframework.jdbc.support.SQLErrorCodesFactory]SQLErrorCodes loaded: [DB2, Derby, H2, HSQL, Informix, MS-SQL, MySQL, Oracle, PostgreSQL, Sybase]
[INFO] [2019-09-20 15:09:26][org.springframework.context.support.GenericApplicationContext]Closing org.springframework.context.support.GenericApplicationContext@5cc7c2a6: startup date [Fri Sep 20 15:09:24 CST 2019]; root of context hierarchy
[INFO] [2019-09-20 15:11:47][org.springframework.beans.factory.xml.XmlBeanDefinitionReader]Loading XML bean definitions from URL [file:/F:/%e8%af%be%e7%a8%8b%e8%b5%84%e6%96%99/_%e8%8b%8f/13%20SSH%e3%80%81SSM%e4%b8%8e%e5%90%84%e7%a7%8d%e6%a1%86%e6%9e%b6%e9%9b%86%e6%88%90/NCOnlineExaminationBy208/3-1BasedSSMWebsExaminationByEclipse/target/classes/spring-mybatis.xml]
[INFO] [2019-09-20 15:11:48][org.springframework.context.support.GenericApplicationContext]Refreshing org.springframework.context.support.GenericApplicationContext@5cc7c2a6: startup date [Fri Sep 20 15:11:48 CST 2019]; root of context hierarchy
[INFO] [2019-09-20 15:11:48][org.springframework.beans.factory.config.PropertyPlaceholderConfigurer]Loading properties file from class path resource [jdbc.properties]
[INFO] [2019-09-20 15:11:50][org.springframework.context.support.GenericApplicationContext]Closing org.springframework.context.support.GenericApplicationContext@5cc7c2a6: startup date [Fri Sep 20 15:11:48 CST 2019]; root of context hierarchy
[INFO] [2019-09-20 15:42:19][org.springframework.beans.factory.xml.XmlBeanDefinitionReader]Loading XML bean definitions from URL [file:/F:/%e8%af%be%e7%a8%8b%e8%b5%84%e6%96%99/_%e8%8b%8f/13%20SSH%e3%80%81SSM%e4%b8%8e%e5%90%84%e7%a7%8d%e6%a1%86%e6%9e%b6%e9%9b%86%e6%88%90/NCOnlineExaminationBy208/3-1BasedSSMWebsExaminationByEclipse/target/classes/spring-mybatis.xml]
[INFO] [2019-09-20 15:42:20][org.springframework.context.support.GenericApplicationContext]Refreshing org.springframework.context.support.GenericApplicationContext@b97c004: startup date [Fri Sep 20 15:42:20 CST 2019]; root of context hierarchy
[INFO] [2019-09-20 15:42:21][org.springframework.beans.factory.config.PropertyPlaceholderConfigurer]Loading properties file from class path resource [jdbc.properties]
[INFO] [2019-09-20 15:42:23][org.springframework.context.support.GenericApplicationContext]Closing org.springframework.context.support.GenericApplicationContext@b97c004: startup date [Fri Sep 20 15:42:20 CST 2019]; root of context hierarchy
[INFO] [2019-09-20 15:47:50][org.springframework.beans.factory.xml.XmlBeanDefinitionReader]Loading XML bean definitions from URL [file:/F:/%e8%af%be%e7%a8%8b%e8%b5%84%e6%96%99/_%e8%8b%8f/13%20SSH%e3%80%81SSM%e4%b8%8e%e5%90%84%e7%a7%8d%e6%a1%86%e6%9e%b6%e9%9b%86%e6%88%90/NCOnlineExaminationBy208/3-1BasedSSMWebsExaminationByEclipse/target/classes/spring-mybatis.xml]
[INFO] [2019-09-20 15:47:51][org.springframework.context.support.GenericApplicationContext]Refreshing org.springframework.context.support.GenericApplicationContext@61a485d2: startup date [Fri Sep 20 15:47:51 CST 2019]; root of context hierarchy
[INFO] [2019-09-20 15:47:51][org.springframework.beans.factory.config.PropertyPlaceholderConfigurer]Loading properties file from class path resource [jdbc.properties]
[INFO] [2019-09-20 15:47:54][org.springframework.context.support.GenericApplicationContext]Closing org.springframework.context.support.GenericApplicationContext@61a485d2: startup date [Fri Sep 20 15:47:51 CST 2019]; root of context hierarchy
[INFO] [2019-09-20 15:53:28][org.springframework.beans.factory.xml.XmlBeanDefinitionReader]Loading XML bean definitions from URL [file:/F:/%e8%af%be%e7%a8%8b%e8%b5%84%e6%96%99/_%e8%8b%8f/13%20SSH%e3%80%81SSM%e4%b8%8e%e5%90%84%e7%a7%8d%e6%a1%86%e6%9e%b6%e9%9b%86%e6%88%90/NCOnlineExaminationBy208/3-1BasedSSMWebsExaminationByEclipse/target/classes/spring-mybatis.xml]
[INFO] [2019-09-20 15:53:29][org.springframework.context.support.GenericApplicationContext]Refreshing org.springframework.context.support.GenericApplicationContext@61a485d2: startup date [Fri Sep 20 15:53:29 CST 2019]; root of context hierarchy
[INFO] [2019-09-20 15:53:29][org.springframework.beans.factory.config.PropertyPlaceholderConfigurer]Loading properties file from class path resource [jdbc.properties]
[INFO] [2019-09-20 15:53:32][org.springframework.beans.factory.xml.XmlBeanDefinitionReader]Loading XML bean definitions from class path resource [org/springframework/jdbc/support/sql-error-codes.xml]
[INFO] [2019-09-20 15:53:32][org.springframework.jdbc.support.SQLErrorCodesFactory]SQLErrorCodes loaded: [DB2, Derby, H2, HSQL, Informix, MS-SQL, MySQL, Oracle, PostgreSQL, Sybase]
[INFO] [2019-09-20 15:53:32][org.springframework.context.support.GenericApplicationContext]Closing org.springframework.context.support.GenericApplicationContext@61a485d2: startup date [Fri Sep 20 15:53:29 CST 2019]; root of context hierarchy
[INFO] [2019-09-20 15:57:30][org.springframework.beans.factory.xml.XmlBeanDefinitionReader]Loading XML bean definitions from URL [file:/F:/%e8%af%be%e7%a8%8b%e8%b5%84%e6%96%99/_%e8%8b%8f/13%20SSH%e3%80%81SSM%e4%b8%8e%e5%90%84%e7%a7%8d%e6%a1%86%e6%9e%b6%e9%9b%86%e6%88%90/NCOnlineExaminationBy208/3-1BasedSSMWebsExaminationByEclipse/target/classes/spring-mybatis.xml]
[INFO] [2019-09-20 15:57:31][org.springframework.context.support.GenericApplicationContext]Refreshing org.springframework.context.support.GenericApplicationContext@61a485d2: startup date [Fri Sep 20 15:57:31 CST 2019]; root of context hierarchy
[INFO] [2019-09-20 15:57:32][org.springframework.beans.factory.config.PropertyPlaceholderConfigurer]Loading properties file from class path resource [jdbc.properties]
[INFO] [2019-09-20 15:57:34][org.springframework.beans.factory.xml.XmlBeanDefinitionReader]Loading XML bean definitions from class path resource [org/springframework/jdbc/support/sql-error-codes.xml]
[INFO] [2019-09-20 15:57:34][org.springframework.jdbc.support.SQLErrorCodesFactory]SQLErrorCodes loaded: [DB2, Derby, H2, HSQL, Informix, MS-SQL, MySQL, Oracle, PostgreSQL, Sybase]
[INFO] [2019-09-20 15:57:35][org.springframework.context.support.GenericApplicationContext]Closing org.springframework.context.support.GenericApplicationContext@61a485d2: startup date [Fri Sep 20 15:57:31 CST 2019]; root of context hierarchy
